<?xml version="1.0" encoding="UTF-8"?>
<!-- Generated by org.testng.reporters.JUnitXMLReporter -->
<testsuite ignored="0" hostname="DESKTOP-9PHJO00" failures="2" tests="2" name="Dream Journal Home Tests" time="2.904" errors="0" timestamp="2025-06-18T20:58:28 IST">
  <testcase classname="com.wingify.tests.DreamHomeTest" name="verifyHomePageLoading" time="0.894">
    <failure type="java.lang.AssertionError" message="❌ Loading animation did not appear. expected [true] but found [false]">
      <![CDATA[java.lang.AssertionError: ❌ Loading animation did not appear. expected [true] but found [false]
at com.wingify.tests.DreamHomeTest.verifyHomePageLoading(DreamHomeTest.java:16)
at java.base/java.util.ArrayList.forEach(ArrayList.java:1596)
... Removed 32 stack frames]]>
    </failure>
  </testcase> <!-- verifyHomePageLoading -->
  <testcase classname="com.wingify.tests.DreamHomeTest" name="verifyMyDreamsButtonOpensTabs" time="0.067">
    <failure type="java.lang.AssertionError" message="❌ &amp;apos;My Dreams&amp;apos; button is not visible. expected [true] but found [false]">
      <![CDATA[java.lang.AssertionError: ❌ 'My Dreams' button is not visible. expected [true] but found [false]
at com.wingify.tests.DreamHomeTest.verifyMyDreamsButtonOpensTabs(DreamHomeTest.java:26)
at java.base/java.util.ArrayList.forEach(ArrayList.java:1596)
... Removed 32 stack frames]]>
    </failure>
  </testcase> <!-- verifyMyDreamsButtonOpensTabs -->
</testsuite> <!-- Dream Journal Home Tests -->
